<?xml version="1.0" encoding="UTF-8"?>
<!-- Generated by org.testng.reporters.JUnitXMLReporter -->
<testsuite ignored="0" hostname="DESKTOP-V05DCMJ" failures="0" tests="6" name="Test" time="68.427" errors="0" timestamp="2023-01-16T10:47:43 IST">
  <testcase classname="PHPTravelsTest.LogingDataDrivenTest" name="test_LoginDDT" time="5.265"/>
  <testcase classname="PHPTravelsTest.LogingDataDrivenTest" name="test_LoginDDT" time="10.408"/>
  <testcase classname="PHPTravelsTest.LogingDataDrivenTest" name="test_LoginDDT" time="10.303"/>
  <testcase classname="PHPTravelsTest.LogingDataDrivenTest" name="test_LoginDDT" time="6.595"/>
  <testcase classname="PHPTravelsTest.LogingDataDrivenTest" name="test_LoginDDT" time="10.373"/>
  <testcase classname="PHPTravelsTest.LogingDataDrivenTest" name="test_LoginDDT" time="10.464"/>
</testsuite> <!-- Test -->
