<?xml version="1.0" encoding="UTF-8"?>
<!-- Generated by org.testng.reporters.JUnitXMLReporter -->
<testsuite ignored="0" hostname="DESKTOP-V05DCMJ" failures="0" tests="3" name="Test(failed)" time="47.196" errors="0" timestamp="2023-01-13T16:51:44 IST">
  <testcase classname="PHPTravelsTest.LogingDataDrivenTest" name="test_LoginDDT" time="10.702"/>
  <testcase classname="PHPTravelsTest.LogingDataDrivenTest" name="test_LoginDDT" time="10.284"/>
  <testcase classname="PHPTravelsTest.LogingDataDrivenTest" name="test_LoginDDT" time="10.439"/>
</testsuite> <!-- Test(failed) -->
