<?xml version="1.0" encoding="UTF-8"?>
<testng-results ignored="0" total="6" passed="6" failed="0" skipped="0">
  <reporter-output>
  </reporter-output>
  <suite started-at="2023-01-16T10:46:34 IST" name="Suite" finished-at="2023-01-16T10:47:43 IST" duration-ms="68427">
    <groups>
    </groups>
    <test started-at="2023-01-16T10:46:34 IST" name="Test" finished-at="2023-01-16T10:47:43 IST" duration-ms="68427">
      <class name="PHPTravelsTest.LogingDataDrivenTest">
        <test-method is-config="true" signature="setup(java.lang.String)[pri:0, instance:PHPTravelsTest.LogingDataDrivenTest@222545dc]" started-at="2023-01-16T10:46:35 IST" name="setup" finished-at="2023-01-16T10:46:46 IST" duration-ms="10944" status="PASS">
          <params>
            <param index="0">
              <value>
                <![CDATA[chrome]]>
              </value>
            </param>
          </params>
          <reporter-output>
          </reporter-output>
        </test-method> <!-- setup -->
        <test-method signature="test_LoginDDT(java.lang.String,java.lang.String,java.lang.String)[pri:0, instance:PHPTravelsTest.LogingDataDrivenTest@222545dc]" started-at="2023-01-16T10:46:49 IST" name="test_LoginDDT" data-provider="LoginData" finished-at="2023-01-16T10:46:54 IST" duration-ms="5265" status="PASS">
          <params>
            <param index="0">
              <value>
                <![CDATA[student]]>
              </value>
            </param>
            <param index="1">
              <value>
                <![CDATA[Password123]]>
              </value>
            </param>
            <param index="2">
              <value>
                <![CDATA[valid]]>
              </value>
            </param>
          </params>
          <reporter-output>
          </reporter-output>
        </test-method> <!-- test_LoginDDT -->
        <test-method signature="test_LoginDDT(java.lang.String,java.lang.String,java.lang.String)[pri:0, instance:PHPTravelsTest.LogingDataDrivenTest@222545dc]" started-at="2023-01-16T10:46:54 IST" name="test_LoginDDT" data-provider="LoginData" finished-at="2023-01-16T10:47:05 IST" duration-ms="10408" status="PASS">
          <params>
            <param index="0">
              <value>
                <![CDATA[dsgsgd]]>
              </value>
            </param>
            <param index="1">
              <value>
                <![CDATA[@123veru]]>
              </value>
            </param>
            <param index="2">
              <value>
                <![CDATA[invalid]]>
              </value>
            </param>
          </params>
          <reporter-output>
          </reporter-output>
        </test-method> <!-- test_LoginDDT -->
        <test-method signature="test_LoginDDT(java.lang.String,java.lang.String,java.lang.String)[pri:0, instance:PHPTravelsTest.LogingDataDrivenTest@222545dc]" started-at="2023-01-16T10:47:05 IST" name="test_LoginDDT" data-provider="LoginData" finished-at="2023-01-16T10:47:15 IST" duration-ms="10303" status="PASS">
          <params>
            <param index="0">
              <value>
                <![CDATA[dggdsag]]>
              </value>
            </param>
            <param index="1">
              <value>
                <![CDATA[356166]]>
              </value>
            </param>
            <param index="2">
              <value>
                <![CDATA[invalid]]>
              </value>
            </param>
          </params>
          <reporter-output>
          </reporter-output>
        </test-method> <!-- test_LoginDDT -->
        <test-method signature="test_LoginDDT(java.lang.String,java.lang.String,java.lang.String)[pri:0, instance:PHPTravelsTest.LogingDataDrivenTest@222545dc]" started-at="2023-01-16T10:47:15 IST" name="test_LoginDDT" data-provider="LoginData" finished-at="2023-01-16T10:47:22 IST" duration-ms="6595" status="PASS">
          <params>
            <param index="0">
              <value>
                <![CDATA[student]]>
              </value>
            </param>
            <param index="1">
              <value>
                <![CDATA[Password123]]>
              </value>
            </param>
            <param index="2">
              <value>
                <![CDATA[valid]]>
              </value>
            </param>
          </params>
          <reporter-output>
          </reporter-output>
        </test-method> <!-- test_LoginDDT -->
        <test-method signature="test_LoginDDT(java.lang.String,java.lang.String,java.lang.String)[pri:0, instance:PHPTravelsTest.LogingDataDrivenTest@222545dc]" started-at="2023-01-16T10:47:22 IST" name="test_LoginDDT" data-provider="LoginData" finished-at="2023-01-16T10:47:32 IST" duration-ms="10373" status="PASS">
          <params>
            <param index="0">
              <value>
                <![CDATA[virupatel]]>
              </value>
            </param>
            <param index="1">
              <value>
                <![CDATA[454646]]>
              </value>
            </param>
            <param index="2">
              <value>
                <![CDATA[invalid]]>
              </value>
            </param>
          </params>
          <reporter-output>
          </reporter-output>
        </test-method> <!-- test_LoginDDT -->
        <test-method signature="test_LoginDDT(java.lang.String,java.lang.String,java.lang.String)[pri:0, instance:PHPTravelsTest.LogingDataDrivenTest@222545dc]" started-at="2023-01-16T10:47:32 IST" name="test_LoginDDT" data-provider="LoginData" finished-at="2023-01-16T10:47:43 IST" duration-ms="10464" status="PASS">
          <params>
            <param index="0">
              <value>
                <![CDATA[srghhh]]>
              </value>
            </param>
            <param index="1">
              <value>
                <![CDATA[325156236]]>
              </value>
            </param>
            <param index="2">
              <value>
                <![CDATA[invalid]]>
              </value>
            </param>
          </params>
          <reporter-output>
          </reporter-output>
        </test-method> <!-- test_LoginDDT -->
        <test-method is-config="true" signature="tearDown()[pri:0, instance:PHPTravelsTest.LogingDataDrivenTest@222545dc]" started-at="2023-01-16T10:47:43 IST" name="tearDown" finished-at="2023-01-16T10:47:43 IST" duration-ms="327" status="PASS">
          <reporter-output>
          </reporter-output>
        </test-method> <!-- tearDown -->
      </class> <!-- PHPTravelsTest.LogingDataDrivenTest -->
    </test> <!-- Test -->
  </suite> <!-- Suite -->
</testng-results>
